2016-07-06 21:11:10 INFO  AbstractPropertiesHandler:39 - Loaded properties from location: properties/environment.properties
2016-07-06 21:11:10 INFO  BaseTest:211 - Environment is set to: default
2016-07-06 21:11:10 INFO  BaseTest:263 - Initializing webdriver with firefox, , ANY
2016-07-06 21:11:54 INFO  AbstractPropertiesHandler:39 - Loaded properties from location: properties/environment.properties
2016-07-06 21:11:54 INFO  BaseTest:211 - Environment is set to: default
2016-07-06 21:11:54 INFO  BaseTest:263 - Initializing webdriver with firefox, , ANY
2016-07-06 21:23:13 INFO  AbstractPropertiesHandler:39 - Loaded properties from location: properties/environment.properties
2016-07-06 21:23:13 INFO  BaseTest:211 - Environment is set to: default
2016-07-06 21:23:13 INFO  BaseTest:263 - Initializing webdriver with firefox, , ANY
2016-07-06 21:43:54 INFO  AbstractPropertiesHandler:39 - Loaded properties from location: properties/environment.properties
2016-07-06 21:43:54 INFO  BaseTest:211 - Environment is set to: default
2016-07-06 21:43:54 INFO  BaseTest:263 - Initializing webdriver with firefox, , ANY
2016-07-06 21:53:24 INFO  AbstractPropertiesHandler:39 - Loaded properties from location: properties/environment.properties
2016-07-06 21:53:24 INFO  BaseTest:211 - Environment is set to: default
2016-07-06 21:53:25 INFO  BaseTest:263 - Initializing webdriver with firefox, , ANY
2016-07-09 16:09:57 INFO  AbstractPropertiesHandler:39 - Loaded properties from location: properties/environment.properties
2016-07-09 16:09:57 INFO  BaseTest:211 - Environment is set to: default
2016-07-09 16:09:57 INFO  BaseTest:263 - Initializing webdriver with firefox, , ANY
2016-07-09 16:16:07 INFO  AbstractPropertiesHandler:39 - Loaded properties from location: properties/environment.properties
2016-07-09 16:16:07 INFO  BaseTest:211 - Environment is set to: default
2016-07-09 16:16:07 INFO  BaseTest:263 - Initializing webdriver with firefox, , ANY
2016-07-09 16:16:34 INFO  AbstractPropertiesHandler:39 - Loaded properties from location: properties/environment.properties
2016-07-09 16:16:34 INFO  BaseTest:211 - Environment is set to: $(chrome.profile)
2016-07-09 16:18:34 INFO  AbstractPropertiesHandler:39 - Loaded properties from location: properties/environment.properties
2016-07-09 16:18:34 INFO  BaseTest:211 - Environment is set to: $(chrome.profile)
2016-07-09 16:22:04 INFO  AbstractPropertiesHandler:39 - Loaded properties from location: properties/environment.properties
2016-07-09 16:22:04 INFO  BaseTest:211 - Environment is set to: $(chrome.profile)
2016-07-09 16:27:54 INFO  AbstractPropertiesHandler:39 - Loaded properties from location: properties/environment.properties
2016-07-09 16:27:54 INFO  BaseTest:211 - Environment is set to: default
2016-07-09 16:27:55 INFO  BaseTest:274 - Initializing webdriver with chrome, , ANY
2016-07-09 16:29:01 INFO  AbstractPropertiesHandler:39 - Loaded properties from location: properties/environment.properties
2016-07-09 16:29:01 INFO  BaseTest:211 - Environment is set to: default
2016-07-09 16:29:01 INFO  BaseTest:274 - Initializing webdriver with chrome, , ANY
2016-07-09 16:31:56 INFO  AbstractPropertiesHandler:39 - Loaded properties from location: properties/environment.properties
2016-07-09 16:31:56 INFO  BaseTest:211 - Environment is set to: default
2016-07-09 16:31:56 INFO  BaseTest:274 - Initializing webdriver with chrome, , ANY
2016-07-09 16:33:07 INFO  AbstractPropertiesHandler:39 - Loaded properties from location: properties/environment.properties
2016-07-09 16:33:07 INFO  BaseTest:211 - Environment is set to: default
2016-07-09 16:33:07 INFO  BaseTest:274 - Initializing webdriver with chrome, , ANY
2016-07-09 16:33:22 INFO  AbstractPropertiesHandler:39 - Loaded properties from location: properties/environment.properties
2016-07-09 16:33:22 INFO  BaseTest:211 - Environment is set to: default
2016-07-09 16:33:22 INFO  BaseTest:274 - Initializing webdriver with chrome, , ANY
2016-07-09 16:35:22 INFO  AbstractPropertiesHandler:39 - Loaded properties from location: properties/environment.properties
2016-07-09 16:35:22 INFO  BaseTest:211 - Environment is set to: $(chrome.profile)
2016-07-09 16:35:40 INFO  AbstractPropertiesHandler:39 - Loaded properties from location: properties/environment.properties
2016-07-09 16:35:40 INFO  BaseTest:211 - Environment is set to: $(chrome.profile)
2016-07-09 16:36:51 INFO  AbstractPropertiesHandler:39 - Loaded properties from location: properties/environment.properties
2016-07-09 16:36:51 INFO  BaseTest:211 - Environment is set to: default
2016-07-09 16:36:51 INFO  BaseTest:274 - Initializing webdriver with chrome, , ANY
2016-07-09 16:37:40 INFO  AbstractPropertiesHandler:39 - Loaded properties from location: properties/environment.properties
2016-07-09 16:37:40 INFO  BaseTest:211 - Environment is set to: default
2016-07-09 16:37:40 INFO  BaseTest:274 - Initializing webdriver with chrome, , ANY
2016-07-09 16:39:09 INFO  AbstractPropertiesHandler:39 - Loaded properties from location: properties/environment.properties
2016-07-09 16:39:09 INFO  BaseTest:211 - Environment is set to: default
2016-07-09 16:39:09 INFO  BaseTest:274 - Initializing webdriver with chrome, , ANY
2016-07-09 16:39:36 INFO  AbstractPropertiesHandler:39 - Loaded properties from location: properties/environment.properties
2016-07-09 16:39:36 INFO  BaseTest:211 - Environment is set to: default
2016-07-09 16:39:36 INFO  BaseTest:274 - Initializing webdriver with chrome, , ANY
2016-07-09 17:16:03 INFO  AbstractPropertiesHandler:39 - Loaded properties from location: properties/environment.properties
2016-07-09 17:16:03 INFO  BaseTest:211 - Environment is set to: default
2016-07-09 17:16:04 INFO  BaseTest:274 - Initializing webdriver with chrome, , ANY
2016-07-09 17:17:11 INFO  AbstractPropertiesHandler:39 - Loaded properties from location: properties/environment.properties
2016-07-09 17:17:11 INFO  BaseTest:211 - Environment is set to: default
2016-07-09 17:17:11 INFO  BaseTest:274 - Initializing webdriver with chrome, , ANY
2016-07-09 17:17:31 INFO  AbstractPropertiesHandler:39 - Loaded properties from location: properties/environment.properties
2016-07-09 17:17:31 INFO  BaseTest:211 - Environment is set to: default
2016-07-09 17:17:31 INFO  BaseTest:274 - Initializing webdriver with chrome, , ANY
2016-07-09 17:18:54 INFO  AbstractPropertiesHandler:39 - Loaded properties from location: properties/environment.properties
2016-07-09 17:18:54 INFO  BaseTest:211 - Environment is set to: default
2016-07-09 17:18:54 INFO  BaseTest:274 - Initializing webdriver with chrome, , ANY
2016-07-09 17:22:40 INFO  AbstractPropertiesHandler:39 - Loaded properties from location: properties/environment.properties
2016-07-09 17:22:40 INFO  BaseTest:211 - Environment is set to: default
2016-07-09 17:22:40 INFO  BaseTest:274 - Initializing webdriver with chrome, , ANY
2016-07-09 17:24:40 INFO  AbstractPropertiesHandler:39 - Loaded properties from location: properties/environment.properties
2016-07-09 17:24:40 INFO  BaseTest:211 - Environment is set to: default
2016-07-09 17:24:40 INFO  BaseTest:274 - Initializing webdriver with chrome, , ANY
2016-07-09 17:33:50 INFO  AbstractPropertiesHandler:39 - Loaded properties from location: properties/environment.properties
2016-07-09 17:33:50 INFO  BaseTest:211 - Environment is set to: default
2016-07-09 17:33:50 INFO  BaseTest:274 - Initializing webdriver with chrome, , ANY
2016-07-09 17:35:28 INFO  AbstractPropertiesHandler:39 - Loaded properties from location: properties/environment.properties
2016-07-09 17:35:28 INFO  BaseTest:211 - Environment is set to: default
2016-07-09 17:35:28 INFO  BaseTest:274 - Initializing webdriver with chrome, , ANY
2016-07-09 17:35:55 INFO  AbstractPropertiesHandler:39 - Loaded properties from location: properties/environment.properties
2016-07-09 17:35:55 INFO  BaseTest:211 - Environment is set to: default
2016-07-09 17:35:55 INFO  BaseTest:274 - Initializing webdriver with chrome, , ANY
2016-07-09 17:36:29 INFO  AbstractPropertiesHandler:39 - Loaded properties from location: properties/environment.properties
2016-07-09 17:36:29 INFO  BaseTest:211 - Environment is set to: default
2016-07-09 17:36:29 INFO  BaseTest:274 - Initializing webdriver with chrome, , ANY
2016-07-09 17:37:48 INFO  AbstractPropertiesHandler:39 - Loaded properties from location: properties/environment.properties
2016-07-09 17:37:48 INFO  BaseTest:211 - Environment is set to: default
2016-07-09 17:37:48 INFO  BaseTest:274 - Initializing webdriver with chrome, , ANY
2016-07-09 17:38:57 INFO  AbstractPropertiesHandler:39 - Loaded properties from location: properties/environment.properties
2016-07-09 17:38:57 INFO  BaseTest:211 - Environment is set to: default
2016-07-09 17:38:57 INFO  BaseTest:274 - Initializing webdriver with chrome, , ANY
2016-07-09 17:39:41 INFO  AbstractPropertiesHandler:39 - Loaded properties from location: properties/environment.properties
2016-07-09 17:39:41 INFO  BaseTest:211 - Environment is set to: default
2016-07-09 17:39:41 INFO  BaseTest:274 - Initializing webdriver with chrome, , ANY
2016-07-09 17:42:02 INFO  AbstractPropertiesHandler:39 - Loaded properties from location: properties/environment.properties
2016-07-09 17:42:02 INFO  BaseTest:211 - Environment is set to: default
2016-07-09 17:42:03 INFO  BaseTest:274 - Initializing webdriver with chrome, , ANY
2016-07-09 17:47:07 INFO  AbstractPropertiesHandler:39 - Loaded properties from location: properties/environment.properties
2016-07-09 17:47:07 INFO  BaseTest:211 - Environment is set to: default
2016-07-09 17:47:08 INFO  BaseTest:274 - Initializing webdriver with chrome, , ANY
2016-07-09 17:51:49 INFO  AbstractPropertiesHandler:39 - Loaded properties from location: properties/environment.properties
2016-07-09 17:51:49 INFO  BaseTest:211 - Environment is set to: default
2016-07-09 17:51:49 INFO  BaseTest:274 - Initializing webdriver with chrome, , ANY
2016-07-09 17:54:27 INFO  AbstractPropertiesHandler:39 - Loaded properties from location: properties/environment.properties
2016-07-09 17:54:27 INFO  BaseTest:211 - Environment is set to: default
2016-07-09 17:54:27 INFO  BaseTest:274 - Initializing webdriver with chrome, , ANY
2016-07-09 17:54:52 INFO  AbstractPropertiesHandler:39 - Loaded properties from location: properties/environment.properties
2016-07-09 17:54:52 INFO  BaseTest:211 - Environment is set to: default
2016-07-09 17:54:52 INFO  BaseTest:274 - Initializing webdriver with chrome, , ANY
2016-07-09 17:55:29 INFO  AbstractPropertiesHandler:39 - Loaded properties from location: properties/environment.properties
2016-07-09 17:55:29 INFO  BaseTest:211 - Environment is set to: default
2016-07-09 17:55:29 INFO  BaseTest:274 - Initializing webdriver with chrome, , ANY
2016-07-09 17:59:04 INFO  AbstractPropertiesHandler:39 - Loaded properties from location: properties/environment.properties
2016-07-09 17:59:04 INFO  BaseTest:211 - Environment is set to: default
2016-07-09 17:59:04 INFO  BaseTest:274 - Initializing webdriver with chrome, , ANY
2016-07-09 17:59:35 INFO  AbstractPropertiesHandler:39 - Loaded properties from location: properties/environment.properties
2016-07-09 17:59:35 INFO  BaseTest:211 - Environment is set to: default
2016-07-09 17:59:35 INFO  BaseTest:274 - Initializing webdriver with chrome, , ANY
2016-07-09 18:00:45 INFO  AbstractPropertiesHandler:39 - Loaded properties from location: properties/environment.properties
2016-07-09 18:00:45 INFO  BaseTest:211 - Environment is set to: default
2016-07-09 18:00:45 INFO  BaseTest:274 - Initializing webdriver with chrome, , ANY
2016-07-09 18:02:49 INFO  AbstractPropertiesHandler:39 - Loaded properties from location: properties/environment.properties
2016-07-09 18:02:49 INFO  BaseTest:211 - Environment is set to: default
2016-07-09 18:02:49 INFO  BaseTest:274 - Initializing webdriver with chrome, , ANY
2016-07-09 18:06:43 INFO  AbstractPropertiesHandler:39 - Loaded properties from location: properties/environment.properties
2016-07-09 18:06:43 INFO  BaseTest:211 - Environment is set to: default
2016-07-09 18:06:44 INFO  BaseTest:274 - Initializing webdriver with chrome, , ANY
2016-07-09 18:12:19 INFO  AbstractPropertiesHandler:39 - Loaded properties from location: properties/environment.properties
2016-07-09 18:12:19 INFO  BaseTest:211 - Environment is set to: default
2016-07-09 18:12:19 INFO  BaseTest:274 - Initializing webdriver with chrome, , ANY
2016-07-09 18:14:35 INFO  AbstractPropertiesHandler:39 - Loaded properties from location: properties/environment.properties
2016-07-09 18:14:35 INFO  BaseTest:211 - Environment is set to: default
2016-07-09 18:14:35 INFO  BaseTest:274 - Initializing webdriver with chrome, , ANY
2016-07-09 18:15:19 INFO  AbstractPropertiesHandler:39 - Loaded properties from location: properties/environment.properties
2016-07-09 18:15:19 INFO  BaseTest:211 - Environment is set to: default
2016-07-09 18:15:19 INFO  BaseTest:274 - Initializing webdriver with chrome, , ANY
2016-07-09 18:16:31 INFO  AbstractPropertiesHandler:39 - Loaded properties from location: properties/environment.properties
2016-07-09 18:16:31 INFO  BaseTest:211 - Environment is set to: default
2016-07-09 18:16:31 INFO  BaseTest:274 - Initializing webdriver with chrome, , ANY
2016-07-09 18:17:11 INFO  AbstractPropertiesHandler:39 - Loaded properties from location: properties/environment.properties
2016-07-09 18:17:11 INFO  BaseTest:211 - Environment is set to: default
2016-07-09 18:17:11 INFO  BaseTest:274 - Initializing webdriver with chrome, , ANY
2016-07-09 18:18:04 INFO  AbstractPropertiesHandler:39 - Loaded properties from location: properties/environment.properties
2016-07-09 18:18:04 INFO  BaseTest:211 - Environment is set to: default
2016-07-09 18:18:04 INFO  BaseTest:274 - Initializing webdriver with chrome, , ANY
2016-07-09 18:18:35 INFO  AbstractPropertiesHandler:39 - Loaded properties from location: properties/environment.properties
2016-07-09 18:18:35 INFO  BaseTest:211 - Environment is set to: default
2016-07-09 18:18:35 INFO  BaseTest:274 - Initializing webdriver with chrome, , ANY
2016-07-09 22:02:41 INFO  AbstractPropertiesHandler:39 - Loaded properties from location: properties/environment.properties
2016-07-09 22:02:41 INFO  BaseTest:211 - Environment is set to: default
2016-07-09 22:02:41 INFO  BaseTest:274 - Initializing webdriver with chrome, , ANY
2016-07-09 22:05:13 INFO  AbstractPropertiesHandler:39 - Loaded properties from location: properties/environment.properties
2016-07-09 22:05:13 INFO  BaseTest:211 - Environment is set to: default
2016-07-09 22:05:13 INFO  BaseTest:274 - Initializing webdriver with chrome, , ANY
2016-07-09 22:08:06 INFO  AbstractPropertiesHandler:39 - Loaded properties from location: properties/environment.properties
2016-07-09 22:08:06 INFO  BaseTest:211 - Environment is set to: default
2016-07-09 22:08:06 INFO  BaseTest:274 - Initializing webdriver with chrome, , ANY
2016-07-09 22:12:01 INFO  AbstractPropertiesHandler:39 - Loaded properties from location: properties/environment.properties
2016-07-09 22:12:01 INFO  BaseTest:211 - Environment is set to: default
2016-07-09 22:12:01 INFO  BaseTest:274 - Initializing webdriver with chrome, , ANY
2016-07-09 22:12:37 INFO  AbstractPropertiesHandler:39 - Loaded properties from location: properties/environment.properties
2016-07-09 22:12:37 INFO  BaseTest:211 - Environment is set to: default
2016-07-09 22:12:37 INFO  BaseTest:274 - Initializing webdriver with chrome, , ANY
2016-07-09 22:15:11 INFO  AbstractPropertiesHandler:39 - Loaded properties from location: properties/environment.properties
2016-07-09 22:15:11 INFO  BaseTest:211 - Environment is set to: default
2016-07-09 22:15:11 INFO  BaseTest:274 - Initializing webdriver with chrome, , ANY
2016-07-09 22:15:22 INFO  BaseTest:211 - Environment is set to: default
2016-07-09 22:15:22 INFO  BaseTest:274 - Initializing webdriver with chrome, , ANY
2016-07-09 22:16:03 INFO  AbstractPropertiesHandler:39 - Loaded properties from location: properties/environment.properties
2016-07-09 22:16:03 INFO  BaseTest:211 - Environment is set to: default
2016-07-09 22:16:03 INFO  BaseTest:274 - Initializing webdriver with chrome, , ANY
2016-07-09 22:16:16 INFO  BaseTest:211 - Environment is set to: default
2016-07-09 22:16:16 INFO  BaseTest:274 - Initializing webdriver with chrome, , ANY
2016-07-09 22:18:13 INFO  AbstractPropertiesHandler:39 - Loaded properties from location: properties/environment.properties
2016-07-09 22:18:13 INFO  BaseTest:211 - Environment is set to: default
2016-07-09 22:18:13 INFO  BaseTest:274 - Initializing webdriver with chrome, , ANY
2016-07-09 22:18:25 INFO  BaseTest:211 - Environment is set to: default
2016-07-09 22:18:25 INFO  BaseTest:274 - Initializing webdriver with chrome, , ANY
2016-07-09 22:18:47 INFO  AbstractPropertiesHandler:39 - Loaded properties from location: properties/environment.properties
2016-07-09 22:18:47 INFO  BaseTest:211 - Environment is set to: default
2016-07-09 22:18:47 INFO  BaseTest:274 - Initializing webdriver with chrome, , ANY
2016-07-09 22:19:29 INFO  BaseTest:211 - Environment is set to: default
2016-07-09 22:19:29 INFO  BaseTest:274 - Initializing webdriver with chrome, , ANY
2016-07-09 22:21:05 INFO  AbstractPropertiesHandler:39 - Loaded properties from location: properties/environment.properties
2016-07-09 22:21:05 INFO  BaseTest:211 - Environment is set to: default
2016-07-09 22:21:06 INFO  BaseTest:274 - Initializing webdriver with chrome, , ANY
2016-07-09 22:21:18 INFO  BaseTest:211 - Environment is set to: default
2016-07-09 22:21:18 INFO  BaseTest:274 - Initializing webdriver with chrome, , ANY
2016-07-09 22:22:49 INFO  AbstractPropertiesHandler:39 - Loaded properties from location: properties/environment.properties
2016-07-09 22:22:49 INFO  BaseTest:211 - Environment is set to: default
2016-07-09 22:22:49 INFO  BaseTest:274 - Initializing webdriver with chrome, , ANY
2016-07-09 22:23:01 INFO  BaseTest:211 - Environment is set to: default
2016-07-09 22:23:01 INFO  BaseTest:274 - Initializing webdriver with chrome, , ANY
2016-07-09 22:39:16 INFO  AbstractPropertiesHandler:39 - Loaded properties from location: properties/environment.properties
2016-07-09 22:39:16 INFO  BaseTest:211 - Environment is set to: default
2016-07-09 22:39:17 INFO  BaseTest:274 - Initializing webdriver with chrome, , ANY
2016-07-09 22:39:29 INFO  BaseTest:211 - Environment is set to: default
2016-07-09 22:39:29 INFO  BaseTest:274 - Initializing webdriver with chrome, , ANY
2016-07-09 22:39:41 INFO  BaseTest:211 - Environment is set to: default
2016-07-09 22:39:41 INFO  BaseTest:274 - Initializing webdriver with chrome, , ANY
2016-07-09 22:43:16 INFO  AbstractPropertiesHandler:39 - Loaded properties from location: properties/environment.properties
2016-07-09 22:43:16 INFO  BaseTest:211 - Environment is set to: default
2016-07-09 22:43:16 INFO  BaseTest:274 - Initializing webdriver with chrome, , ANY
2016-07-09 22:43:28 INFO  BaseTest:211 - Environment is set to: default
2016-07-09 22:43:28 INFO  BaseTest:274 - Initializing webdriver with chrome, , ANY
2016-07-09 22:43:40 INFO  BaseTest:211 - Environment is set to: default
2016-07-09 22:43:40 INFO  BaseTest:274 - Initializing webdriver with chrome, , ANY
2016-07-09 22:46:09 INFO  AbstractPropertiesHandler:39 - Loaded properties from location: properties/environment.properties
2016-07-09 22:46:09 INFO  BaseTest:211 - Environment is set to: default
2016-07-09 22:46:09 INFO  BaseTest:274 - Initializing webdriver with chrome, , ANY
2016-07-09 22:46:21 INFO  BaseTest:211 - Environment is set to: default
2016-07-09 22:46:21 INFO  BaseTest:274 - Initializing webdriver with chrome, , ANY
2016-07-09 22:46:32 INFO  BaseTest:211 - Environment is set to: default
2016-07-09 22:46:32 INFO  BaseTest:274 - Initializing webdriver with chrome, , ANY
2016-07-09 23:37:05 INFO  AbstractPropertiesHandler:39 - Loaded properties from location: properties/environment.properties
2016-07-09 23:37:05 INFO  BaseTest:211 - Environment is set to: default
2016-07-09 23:37:05 INFO  BaseTest:274 - Initializing webdriver with chrome, , ANY
2016-07-09 23:37:17 INFO  BaseTest:211 - Environment is set to: default
2016-07-09 23:37:17 INFO  BaseTest:274 - Initializing webdriver with chrome, , ANY
2016-07-09 23:37:27 INFO  BaseTest:211 - Environment is set to: default
2016-07-09 23:37:27 INFO  BaseTest:274 - Initializing webdriver with chrome, , ANY
2016-07-09 23:37:39 INFO  BaseTest:211 - Environment is set to: default
2016-07-09 23:37:39 INFO  BaseTest:274 - Initializing webdriver with chrome, , ANY
2016-07-09 23:39:09 INFO  AbstractPropertiesHandler:39 - Loaded properties from location: properties/environment.properties
2016-07-09 23:39:09 INFO  BaseTest:211 - Environment is set to: default
2016-07-09 23:39:09 INFO  BaseTest:274 - Initializing webdriver with chrome, , ANY
2016-07-09 23:39:22 INFO  BaseTest:211 - Environment is set to: default
2016-07-09 23:39:22 INFO  BaseTest:274 - Initializing webdriver with chrome, , ANY
2016-07-09 23:39:33 INFO  BaseTest:211 - Environment is set to: default
2016-07-09 23:39:33 INFO  BaseTest:274 - Initializing webdriver with chrome, , ANY
2016-07-09 23:39:50 INFO  BaseTest:211 - Environment is set to: default
2016-07-09 23:39:50 INFO  BaseTest:274 - Initializing webdriver with chrome, , ANY
2016-07-09 23:42:08 INFO  AbstractPropertiesHandler:39 - Loaded properties from location: properties/environment.properties
2016-07-09 23:42:08 INFO  BaseTest:211 - Environment is set to: default
2016-07-09 23:42:08 INFO  BaseTest:274 - Initializing webdriver with chrome, , ANY
2016-07-09 23:42:20 INFO  BaseTest:211 - Environment is set to: default
2016-07-09 23:42:20 INFO  BaseTest:274 - Initializing webdriver with chrome, , ANY
2016-07-09 23:42:30 INFO  BaseTest:211 - Environment is set to: default
2016-07-09 23:42:30 INFO  BaseTest:274 - Initializing webdriver with chrome, , ANY
2016-07-09 23:42:42 INFO  BaseTest:211 - Environment is set to: default
2016-07-09 23:42:42 INFO  BaseTest:274 - Initializing webdriver with chrome, , ANY
2016-07-09 23:53:51 INFO  AbstractPropertiesHandler:39 - Loaded properties from location: properties/environment.properties
2016-07-09 23:53:51 INFO  BaseTest:211 - Environment is set to: default
2016-07-09 23:53:51 INFO  BaseTest:274 - Initializing webdriver with chrome, , ANY
2016-07-09 23:54:14 INFO  BaseTest:211 - Environment is set to: default
2016-07-09 23:54:14 INFO  BaseTest:274 - Initializing webdriver with chrome, , ANY
2016-07-09 23:57:09 INFO  AbstractPropertiesHandler:39 - Loaded properties from location: properties/environment.properties
2016-07-09 23:57:09 INFO  BaseTest:211 - Environment is set to: default
2016-07-09 23:57:09 INFO  BaseTest:274 - Initializing webdriver with chrome, , ANY
2016-07-09 23:57:22 INFO  BaseTest:211 - Environment is set to: default
2016-07-09 23:57:22 INFO  BaseTest:274 - Initializing webdriver with chrome, , ANY
2016-07-10 00:18:00 INFO  AbstractPropertiesHandler:39 - Loaded properties from location: properties/environment.properties
2016-07-10 00:18:00 INFO  BaseTest:211 - Environment is set to: default
2016-07-10 00:18:00 INFO  BaseTest:274 - Initializing webdriver with chrome, , ANY
2016-07-10 00:18:12 INFO  BaseTest:211 - Environment is set to: default
2016-07-10 00:18:12 INFO  BaseTest:274 - Initializing webdriver with chrome, , ANY
2016-07-10 00:18:41 INFO  BaseTest:211 - Environment is set to: default
2016-07-10 00:18:41 INFO  BaseTest:274 - Initializing webdriver with chrome, , ANY
2016-07-10 00:18:52 INFO  BaseTest:211 - Environment is set to: default
2016-07-10 00:18:52 INFO  BaseTest:274 - Initializing webdriver with chrome, , ANY
2016-07-10 00:25:32 INFO  AbstractPropertiesHandler:39 - Loaded properties from location: properties/environment.properties
2016-07-10 00:25:32 INFO  BaseTest:211 - Environment is set to: default
2016-07-10 00:25:32 INFO  BaseTest:274 - Initializing webdriver with chrome, , ANY
2016-07-10 00:25:44 INFO  BaseTest:211 - Environment is set to: default
2016-07-10 00:25:45 INFO  BaseTest:274 - Initializing webdriver with chrome, , ANY
2016-07-10 00:25:57 INFO  BaseTest:211 - Environment is set to: default
2016-07-10 00:25:57 INFO  BaseTest:274 - Initializing webdriver with chrome, , ANY
2016-07-10 00:26:07 INFO  BaseTest:211 - Environment is set to: default
2016-07-10 00:26:07 INFO  BaseTest:274 - Initializing webdriver with chrome, , ANY
2016-07-10 00:26:20 INFO  BaseTest:211 - Environment is set to: default
2016-07-10 00:26:20 INFO  BaseTest:274 - Initializing webdriver with chrome, , ANY
2016-07-10 00:31:26 INFO  AbstractPropertiesHandler:39 - Loaded properties from location: properties/environment.properties
2016-07-10 00:31:26 INFO  BaseTest:211 - Environment is set to: default
2016-07-10 00:31:26 INFO  BaseTest:274 - Initializing webdriver with chrome, , ANY
2016-07-10 00:32:25 INFO  AbstractPropertiesHandler:39 - Loaded properties from location: properties/environment.properties
2016-07-10 00:32:25 INFO  BaseTest:211 - Environment is set to: default
2016-07-10 00:32:25 INFO  BaseTest:274 - Initializing webdriver with chrome, , ANY
2016-07-10 00:36:07 INFO  AbstractPropertiesHandler:39 - Loaded properties from location: properties/environment.properties
2016-07-10 00:36:07 INFO  BaseTest:211 - Environment is set to: default
2016-07-10 00:36:07 INFO  BaseTest:274 - Initializing webdriver with chrome, , ANY
2016-07-10 00:37:55 INFO  AbstractPropertiesHandler:39 - Loaded properties from location: properties/environment.properties
2016-07-10 00:37:55 INFO  BaseTest:211 - Environment is set to: default
2016-07-10 00:37:55 INFO  BaseTest:274 - Initializing webdriver with chrome, , ANY
2016-07-10 00:41:12 INFO  AbstractPropertiesHandler:39 - Loaded properties from location: properties/environment.properties
2016-07-10 00:41:12 INFO  BaseTest:211 - Environment is set to: default
2016-07-10 00:41:12 INFO  BaseTest:274 - Initializing webdriver with chrome, , ANY
2016-07-10 00:49:47 INFO  AbstractPropertiesHandler:39 - Loaded properties from location: properties/environment.properties
2016-07-10 00:49:47 INFO  BaseTest:211 - Environment is set to: default
2016-07-10 00:49:47 INFO  BaseTest:274 - Initializing webdriver with chrome, , ANY
2016-07-10 00:53:26 INFO  AbstractPropertiesHandler:39 - Loaded properties from location: properties/environment.properties
2016-07-10 00:53:26 INFO  BaseTest:211 - Environment is set to: default
2016-07-10 00:53:26 INFO  BaseTest:274 - Initializing webdriver with chrome, , ANY
2016-07-10 00:53:46 INFO  AbstractPropertiesHandler:39 - Loaded properties from location: properties/environment.properties
2016-07-10 00:53:46 INFO  BaseTest:211 - Environment is set to: default
2016-07-10 00:53:46 INFO  BaseTest:274 - Initializing webdriver with chrome, , ANY
2016-07-10 00:56:15 INFO  AbstractPropertiesHandler:39 - Loaded properties from location: properties/environment.properties
2016-07-10 00:56:15 INFO  BaseTest:211 - Environment is set to: default
2016-07-10 00:56:15 INFO  BaseTest:274 - Initializing webdriver with chrome, , ANY
2016-07-10 00:58:52 INFO  AbstractPropertiesHandler:39 - Loaded properties from location: properties/environment.properties
2016-07-10 00:58:52 INFO  BaseTest:211 - Environment is set to: default
2016-07-10 00:58:52 INFO  BaseTest:274 - Initializing webdriver with chrome, , ANY
2016-07-10 01:00:29 INFO  AbstractPropertiesHandler:39 - Loaded properties from location: properties/environment.properties
2016-07-10 01:00:29 INFO  BaseTest:211 - Environment is set to: default
2016-07-10 01:00:29 INFO  BaseTest:274 - Initializing webdriver with chrome, , ANY
2016-07-10 01:05:08 INFO  AbstractPropertiesHandler:39 - Loaded properties from location: properties/environment.properties
2016-07-10 01:05:08 INFO  BaseTest:211 - Environment is set to: default
2016-07-10 01:05:08 INFO  BaseTest:274 - Initializing webdriver with chrome, , ANY
2016-07-10 01:06:13 INFO  AbstractPropertiesHandler:39 - Loaded properties from location: properties/environment.properties
2016-07-10 01:06:13 INFO  BaseTest:211 - Environment is set to: default
2016-07-10 01:06:13 INFO  BaseTest:274 - Initializing webdriver with chrome, , ANY
2016-07-10 01:06:50 INFO  AbstractPropertiesHandler:39 - Loaded properties from location: properties/environment.properties
2016-07-10 01:06:50 INFO  BaseTest:211 - Environment is set to: default
2016-07-10 01:06:50 INFO  BaseTest:274 - Initializing webdriver with chrome, , ANY
2016-07-10 01:09:48 INFO  AbstractPropertiesHandler:39 - Loaded properties from location: properties/environment.properties
2016-07-10 01:09:48 INFO  BaseTest:211 - Environment is set to: default
2016-07-10 01:09:48 INFO  BaseTest:274 - Initializing webdriver with chrome, , ANY
2016-07-10 01:10:16 INFO  AbstractPropertiesHandler:39 - Loaded properties from location: properties/environment.properties
2016-07-10 01:10:16 INFO  BaseTest:211 - Environment is set to: default
2016-07-10 01:10:16 INFO  BaseTest:274 - Initializing webdriver with chrome, , ANY
2016-07-10 01:11:37 INFO  AbstractPropertiesHandler:39 - Loaded properties from location: properties/environment.properties
2016-07-10 01:11:37 INFO  BaseTest:211 - Environment is set to: default
2016-07-10 01:11:37 INFO  BaseTest:274 - Initializing webdriver with chrome, , ANY
2016-07-10 01:12:34 INFO  AbstractPropertiesHandler:39 - Loaded properties from location: properties/environment.properties
2016-07-10 01:12:34 INFO  BaseTest:211 - Environment is set to: default
2016-07-10 01:12:34 INFO  BaseTest:274 - Initializing webdriver with chrome, , ANY
2016-07-10 01:13:03 INFO  AbstractPropertiesHandler:39 - Loaded properties from location: properties/environment.properties
2016-07-10 01:13:03 INFO  BaseTest:211 - Environment is set to: default
2016-07-10 01:13:03 INFO  BaseTest:274 - Initializing webdriver with chrome, , ANY
2016-07-10 01:27:41 INFO  AbstractPropertiesHandler:39 - Loaded properties from location: properties/environment.properties
2016-07-10 01:27:41 INFO  BaseTest:211 - Environment is set to: default
2016-07-10 01:27:41 INFO  BaseTest:274 - Initializing webdriver with chrome, , ANY
2016-07-10 01:28:13 INFO  AbstractPropertiesHandler:39 - Loaded properties from location: properties/environment.properties
2016-07-10 01:28:13 INFO  BaseTest:211 - Environment is set to: default
2016-07-10 01:28:13 INFO  BaseTest:274 - Initializing webdriver with chrome, , ANY
2016-07-10 01:28:41 INFO  AbstractPropertiesHandler:39 - Loaded properties from location: properties/environment.properties
2016-07-10 01:28:41 INFO  BaseTest:211 - Environment is set to: default
2016-07-10 01:28:41 INFO  BaseTest:274 - Initializing webdriver with chrome, , ANY
2016-07-10 01:37:23 INFO  AbstractPropertiesHandler:39 - Loaded properties from location: properties/environment.properties
2016-07-10 01:37:23 INFO  BaseTest:211 - Environment is set to: default
2016-07-10 01:37:23 INFO  BaseTest:274 - Initializing webdriver with chrome, , ANY
2016-07-10 01:38:10 INFO  AbstractPropertiesHandler:39 - Loaded properties from location: properties/environment.properties
2016-07-10 01:38:10 INFO  BaseTest:211 - Environment is set to: default
2016-07-10 01:38:10 INFO  BaseTest:274 - Initializing webdriver with chrome, , ANY
2016-07-10 01:38:52 INFO  AbstractPropertiesHandler:39 - Loaded properties from location: properties/environment.properties
2016-07-10 01:38:52 INFO  BaseTest:211 - Environment is set to: default
2016-07-10 01:38:52 INFO  BaseTest:274 - Initializing webdriver with chrome, , ANY
2016-07-10 01:40:27 INFO  AbstractPropertiesHandler:39 - Loaded properties from location: properties/environment.properties
2016-07-10 01:40:27 INFO  BaseTest:211 - Environment is set to: default
2016-07-10 01:40:27 INFO  BaseTest:274 - Initializing webdriver with chrome, , ANY
2016-07-10 01:41:59 INFO  AbstractPropertiesHandler:39 - Loaded properties from location: properties/environment.properties
2016-07-10 01:41:59 INFO  BaseTest:211 - Environment is set to: default
2016-07-10 01:41:59 INFO  BaseTest:274 - Initializing webdriver with chrome, , ANY
2016-07-10 02:10:44 INFO  AbstractPropertiesHandler:39 - Loaded properties from location: properties/environment.properties
2016-07-10 02:10:44 INFO  BaseTest:211 - Environment is set to: default
2016-07-10 02:10:44 INFO  BaseTest:274 - Initializing webdriver with chrome, , ANY
2016-07-10 02:11:44 INFO  AbstractPropertiesHandler:39 - Loaded properties from location: properties/environment.properties
2016-07-10 02:11:44 INFO  BaseTest:211 - Environment is set to: default
2016-07-10 02:11:44 INFO  BaseTest:274 - Initializing webdriver with chrome, , ANY
2016-07-10 02:12:31 INFO  AbstractPropertiesHandler:39 - Loaded properties from location: properties/environment.properties
2016-07-10 02:12:31 INFO  BaseTest:211 - Environment is set to: default
2016-07-10 02:12:31 INFO  BaseTest:274 - Initializing webdriver with chrome, , ANY
2016-07-10 02:13:05 INFO  AbstractPropertiesHandler:39 - Loaded properties from location: properties/environment.properties
2016-07-10 02:13:05 INFO  BaseTest:211 - Environment is set to: default
2016-07-10 02:13:05 INFO  BaseTest:274 - Initializing webdriver with chrome, , ANY
2016-07-10 02:14:21 INFO  AbstractPropertiesHandler:39 - Loaded properties from location: properties/environment.properties
2016-07-10 02:14:21 INFO  BaseTest:211 - Environment is set to: default
2016-07-10 02:14:21 INFO  BaseTest:274 - Initializing webdriver with chrome, , ANY
2016-07-10 02:15:10 INFO  AbstractPropertiesHandler:39 - Loaded properties from location: properties/environment.properties
2016-07-10 02:15:10 INFO  BaseTest:211 - Environment is set to: default
2016-07-10 02:15:10 INFO  BaseTest:274 - Initializing webdriver with chrome, , ANY
2016-07-10 02:16:51 INFO  AbstractPropertiesHandler:39 - Loaded properties from location: properties/environment.properties
2016-07-10 02:16:51 INFO  BaseTest:211 - Environment is set to: default
2016-07-10 02:16:51 INFO  BaseTest:274 - Initializing webdriver with chrome, , ANY
2016-07-10 02:17:11 INFO  AbstractPropertiesHandler:39 - Loaded properties from location: properties/environment.properties
2016-07-10 02:17:11 INFO  BaseTest:211 - Environment is set to: default
2016-07-10 02:17:11 INFO  BaseTest:274 - Initializing webdriver with chrome, , ANY
2016-07-10 02:17:30 INFO  AbstractPropertiesHandler:39 - Loaded properties from location: properties/environment.properties
2016-07-10 02:17:30 INFO  BaseTest:211 - Environment is set to: default
2016-07-10 02:17:31 INFO  BaseTest:274 - Initializing webdriver with chrome, , ANY
2016-07-10 02:19:02 INFO  AbstractPropertiesHandler:39 - Loaded properties from location: properties/environment.properties
2016-07-10 02:19:02 INFO  BaseTest:211 - Environment is set to: default
2016-07-10 02:19:02 INFO  BaseTest:274 - Initializing webdriver with chrome, , ANY
2016-07-10 02:19:55 INFO  AbstractPropertiesHandler:39 - Loaded properties from location: properties/environment.properties
2016-07-10 02:19:55 INFO  BaseTest:211 - Environment is set to: default
2016-07-10 02:19:55 INFO  BaseTest:274 - Initializing webdriver with chrome, , ANY
2016-07-10 10:50:42 INFO  AbstractPropertiesHandler:39 - Loaded properties from location: properties/environment.properties
2016-07-10 10:50:42 INFO  BaseTest:211 - Environment is set to: default
2016-07-10 10:50:42 INFO  BaseTest:274 - Initializing webdriver with chrome, , ANY
2016-07-10 10:51:13 INFO  AbstractPropertiesHandler:39 - Loaded properties from location: properties/environment.properties
2016-07-10 10:51:13 INFO  BaseTest:211 - Environment is set to: default
2016-07-10 10:51:13 INFO  BaseTest:274 - Initializing webdriver with chrome, , ANY
2016-07-10 10:52:40 INFO  AbstractPropertiesHandler:39 - Loaded properties from location: properties/environment.properties
2016-07-10 10:52:40 INFO  BaseTest:211 - Environment is set to: default
2016-07-10 10:52:40 INFO  BaseTest:274 - Initializing webdriver with chrome, , ANY
2016-07-10 10:55:47 INFO  AbstractPropertiesHandler:39 - Loaded properties from location: properties/environment.properties
2016-07-10 10:55:47 INFO  BaseTest:211 - Environment is set to: default
2016-07-10 10:55:48 INFO  BaseTest:274 - Initializing webdriver with chrome, , ANY
2016-07-10 10:56:05 INFO  AbstractPropertiesHandler:39 - Loaded properties from location: properties/environment.properties
2016-07-10 10:56:05 INFO  BaseTest:211 - Environment is set to: default
2016-07-10 10:56:05 INFO  BaseTest:274 - Initializing webdriver with chrome, , ANY
2016-07-10 10:59:19 INFO  AbstractPropertiesHandler:39 - Loaded properties from location: properties/environment.properties
2016-07-10 10:59:19 INFO  BaseTest:211 - Environment is set to: default
2016-07-10 10:59:19 INFO  BaseTest:274 - Initializing webdriver with chrome, , ANY
2016-07-10 11:00:47 INFO  AbstractPropertiesHandler:39 - Loaded properties from location: properties/environment.properties
2016-07-10 11:00:47 INFO  BaseTest:211 - Environment is set to: default
2016-07-10 11:00:47 INFO  BaseTest:274 - Initializing webdriver with chrome, , ANY
2016-07-10 11:02:36 INFO  AbstractPropertiesHandler:39 - Loaded properties from location: properties/environment.properties
2016-07-10 11:02:36 INFO  BaseTest:211 - Environment is set to: default
2016-07-10 11:02:36 INFO  BaseTest:274 - Initializing webdriver with chrome, , ANY
2016-07-10 11:02:49 INFO  AbstractPropertiesHandler:39 - Loaded properties from location: properties/environment.properties
2016-07-10 11:02:49 INFO  BaseTest:211 - Environment is set to: default
2016-07-10 11:02:49 INFO  BaseTest:274 - Initializing webdriver with chrome, , ANY
2016-07-10 11:04:16 INFO  AbstractPropertiesHandler:39 - Loaded properties from location: properties/environment.properties
2016-07-10 11:04:16 INFO  BaseTest:211 - Environment is set to: default
2016-07-10 11:04:16 INFO  BaseTest:274 - Initializing webdriver with chrome, , ANY
2016-07-10 11:04:29 INFO  AbstractPropertiesHandler:39 - Loaded properties from location: properties/environment.properties
2016-07-10 11:04:29 INFO  BaseTest:211 - Environment is set to: default
2016-07-10 11:04:29 INFO  BaseTest:274 - Initializing webdriver with chrome, , ANY
2016-07-10 11:05:01 INFO  AbstractPropertiesHandler:39 - Loaded properties from location: properties/environment.properties
2016-07-10 11:05:01 INFO  BaseTest:211 - Environment is set to: default
2016-07-10 11:05:01 INFO  BaseTest:274 - Initializing webdriver with chrome, , ANY
2016-07-10 11:07:19 INFO  AbstractPropertiesHandler:39 - Loaded properties from location: properties/environment.properties
2016-07-10 11:07:19 INFO  BaseTest:211 - Environment is set to: default
2016-07-10 11:07:19 INFO  BaseTest:274 - Initializing webdriver with chrome, , ANY
2016-07-10 11:07:44 INFO  AbstractPropertiesHandler:39 - Loaded properties from location: properties/environment.properties
2016-07-10 11:07:44 INFO  BaseTest:211 - Environment is set to: default
2016-07-10 11:07:44 INFO  BaseTest:274 - Initializing webdriver with chrome, , ANY
2016-07-10 11:11:51 INFO  AbstractPropertiesHandler:39 - Loaded properties from location: properties/environment.properties
2016-07-10 11:11:51 INFO  BaseTest:211 - Environment is set to: default
2016-07-10 11:11:51 INFO  BaseTest:274 - Initializing webdriver with chrome, , ANY
2016-07-10 11:12:54 INFO  AbstractPropertiesHandler:39 - Loaded properties from location: properties/environment.properties
2016-07-10 11:12:54 INFO  BaseTest:211 - Environment is set to: default
2016-07-10 11:12:55 INFO  BaseTest:274 - Initializing webdriver with chrome, , ANY
2016-07-10 11:14:20 INFO  AbstractPropertiesHandler:39 - Loaded properties from location: properties/environment.properties
2016-07-10 11:14:20 INFO  BaseTest:211 - Environment is set to: default
2016-07-10 11:14:20 INFO  BaseTest:274 - Initializing webdriver with chrome, , ANY
2016-07-10 11:15:32 INFO  AbstractPropertiesHandler:39 - Loaded properties from location: properties/environment.properties
2016-07-10 11:15:32 INFO  BaseTest:211 - Environment is set to: default
2016-07-10 11:15:32 INFO  BaseTest:274 - Initializing webdriver with chrome, , ANY
2016-07-10 11:17:12 INFO  AbstractPropertiesHandler:39 - Loaded properties from location: properties/environment.properties
2016-07-10 11:17:12 INFO  BaseTest:211 - Environment is set to: default
2016-07-10 11:17:12 INFO  BaseTest:274 - Initializing webdriver with chrome, , ANY
2016-07-10 11:20:30 INFO  AbstractPropertiesHandler:39 - Loaded properties from location: properties/environment.properties
2016-07-10 11:20:30 INFO  BaseTest:211 - Environment is set to: default
2016-07-10 11:20:31 INFO  BaseTest:274 - Initializing webdriver with chrome, , ANY
2016-07-10 11:21:19 INFO  AbstractPropertiesHandler:39 - Loaded properties from location: properties/environment.properties
2016-07-10 11:21:19 INFO  BaseTest:211 - Environment is set to: default
2016-07-10 11:21:19 INFO  BaseTest:274 - Initializing webdriver with chrome, , ANY
2016-07-10 11:22:31 INFO  AbstractPropertiesHandler:39 - Loaded properties from location: properties/environment.properties
2016-07-10 11:22:31 INFO  BaseTest:211 - Environment is set to: default
2016-07-10 11:22:31 INFO  BaseTest:274 - Initializing webdriver with chrome, , ANY
2016-07-10 11:23:03 INFO  AbstractPropertiesHandler:39 - Loaded properties from location: properties/environment.properties
2016-07-10 11:23:03 INFO  BaseTest:211 - Environment is set to: default
2016-07-10 11:23:03 INFO  BaseTest:274 - Initializing webdriver with chrome, , ANY
2016-07-10 11:24:10 INFO  AbstractPropertiesHandler:39 - Loaded properties from location: properties/environment.properties
2016-07-10 11:24:10 INFO  BaseTest:211 - Environment is set to: default
2016-07-10 11:24:10 INFO  BaseTest:274 - Initializing webdriver with chrome, , ANY
2016-07-10 11:24:47 INFO  AbstractPropertiesHandler:39 - Loaded properties from location: properties/environment.properties
2016-07-10 11:24:47 INFO  BaseTest:211 - Environment is set to: default
2016-07-10 11:24:47 INFO  BaseTest:274 - Initializing webdriver with chrome, , ANY
2016-07-10 11:29:07 INFO  AbstractPropertiesHandler:39 - Loaded properties from location: properties/environment.properties
2016-07-10 11:29:07 INFO  BaseTest:211 - Environment is set to: default
2016-07-10 11:29:07 INFO  BaseTest:274 - Initializing webdriver with chrome, , ANY
2016-07-10 11:29:55 INFO  AbstractPropertiesHandler:39 - Loaded properties from location: properties/environment.properties
2016-07-10 11:29:55 INFO  BaseTest:211 - Environment is set to: default
2016-07-10 11:29:55 INFO  BaseTest:274 - Initializing webdriver with chrome, , ANY
2016-07-10 11:30:09 INFO  AbstractPropertiesHandler:39 - Loaded properties from location: properties/environment.properties
2016-07-10 11:30:09 INFO  BaseTest:211 - Environment is set to: default
2016-07-10 11:30:09 INFO  BaseTest:274 - Initializing webdriver with chrome, , ANY
2016-07-10 11:35:38 INFO  AbstractPropertiesHandler:39 - Loaded properties from location: properties/environment.properties
2016-07-10 11:35:38 INFO  BaseTest:211 - Environment is set to: default
2016-07-10 11:35:38 INFO  BaseTest:274 - Initializing webdriver with chrome, , ANY
2016-07-10 12:38:36 INFO  AbstractPropertiesHandler:39 - Loaded properties from location: properties/environment.properties
2016-07-10 12:38:36 INFO  BaseTest:211 - Environment is set to: default
2016-07-10 12:38:36 INFO  BaseTest:274 - Initializing webdriver with chrome, , ANY
2016-07-10 12:38:50 INFO  AbstractPropertiesHandler:39 - Loaded properties from location: properties/environment.properties
2016-07-10 12:38:50 INFO  BaseTest:211 - Environment is set to: default
2016-07-10 12:38:50 INFO  BaseTest:274 - Initializing webdriver with chrome, , ANY
2016-07-10 14:18:49 INFO  AbstractPropertiesHandler:39 - Loaded properties from location: properties/environment.properties
2016-07-10 14:18:49 INFO  BaseTest:211 - Environment is set to: default
2016-07-10 14:18:49 INFO  BaseTest:274 - Initializing webdriver with chrome, , ANY
2016-07-10 14:21:49 INFO  AbstractPropertiesHandler:39 - Loaded properties from location: properties/environment.properties
2016-07-10 14:21:49 INFO  BaseTest:211 - Environment is set to: default
2016-07-10 14:21:49 INFO  BaseTest:274 - Initializing webdriver with chrome, , ANY
2016-07-10 14:36:40 INFO  AbstractPropertiesHandler:39 - Loaded properties from location: properties/environment.properties
2016-07-10 14:36:40 INFO  BaseTest:211 - Environment is set to: default
2016-07-10 14:36:40 INFO  BaseTest:274 - Initializing webdriver with chrome, , ANY
2016-07-10 14:44:18 INFO  AbstractPropertiesHandler:39 - Loaded properties from location: properties/environment.properties
2016-07-10 14:44:18 INFO  BaseTest:211 - Environment is set to: default
2016-07-10 14:44:18 INFO  BaseTest:274 - Initializing webdriver with chrome, , ANY
2016-07-10 14:45:23 INFO  AbstractPropertiesHandler:39 - Loaded properties from location: properties/environment.properties
2016-07-10 14:45:23 INFO  BaseTest:211 - Environment is set to: default
2016-07-10 14:45:23 INFO  BaseTest:274 - Initializing webdriver with chrome, , ANY
2016-07-10 14:47:58 INFO  AbstractPropertiesHandler:39 - Loaded properties from location: properties/environment.properties
2016-07-10 14:47:58 INFO  BaseTest:211 - Environment is set to: default
2016-07-10 14:47:58 INFO  BaseTest:274 - Initializing webdriver with chrome, , ANY
2016-07-10 14:52:59 INFO  AbstractPropertiesHandler:39 - Loaded properties from location: properties/environment.properties
2016-07-10 14:52:59 INFO  BaseTest:211 - Environment is set to: default
2016-07-10 14:53:00 INFO  BaseTest:274 - Initializing webdriver with chrome, , ANY
2016-07-10 14:54:03 INFO  AbstractPropertiesHandler:39 - Loaded properties from location: properties/environment.properties
2016-07-10 14:54:03 INFO  BaseTest:211 - Environment is set to: default
2016-07-10 14:54:03 INFO  BaseTest:274 - Initializing webdriver with chrome, , ANY
2016-07-10 14:54:24 INFO  AbstractPropertiesHandler:39 - Loaded properties from location: properties/environment.properties
2016-07-10 14:54:24 INFO  BaseTest:211 - Environment is set to: default
2016-07-10 14:54:24 INFO  BaseTest:274 - Initializing webdriver with chrome, , ANY
2016-07-10 14:54:46 INFO  AbstractPropertiesHandler:39 - Loaded properties from location: properties/environment.properties
2016-07-10 14:54:46 INFO  BaseTest:211 - Environment is set to: default
2016-07-10 14:54:46 INFO  BaseTest:274 - Initializing webdriver with chrome, , ANY
2016-07-10 14:55:18 INFO  AbstractPropertiesHandler:39 - Loaded properties from location: properties/environment.properties
2016-07-10 14:55:18 INFO  BaseTest:211 - Environment is set to: default
2016-07-10 14:55:18 INFO  BaseTest:274 - Initializing webdriver with chrome, , ANY
2016-07-10 15:00:08 INFO  AbstractPropertiesHandler:39 - Loaded properties from location: properties/environment.properties
2016-07-10 15:00:08 INFO  BaseTest:211 - Environment is set to: default
2016-07-10 15:00:08 INFO  BaseTest:274 - Initializing webdriver with chrome, , ANY
2016-07-10 15:00:46 INFO  BaseTest:211 - Environment is set to: default
2016-07-10 15:00:46 INFO  BaseTest:274 - Initializing webdriver with chrome, , ANY
2016-07-10 15:01:35 INFO  AbstractPropertiesHandler:39 - Loaded properties from location: properties/environment.properties
2016-07-10 15:01:35 INFO  BaseTest:211 - Environment is set to: default
2016-07-10 15:01:35 INFO  BaseTest:274 - Initializing webdriver with chrome, , ANY
2016-07-10 15:02:19 INFO  BaseTest:211 - Environment is set to: default
2016-07-10 15:02:19 INFO  BaseTest:274 - Initializing webdriver with chrome, , ANY
2016-07-10 15:04:58 INFO  AbstractPropertiesHandler:39 - Loaded properties from location: properties/environment.properties
2016-07-10 15:04:58 INFO  BaseTest:211 - Environment is set to: default
2016-07-10 15:04:59 INFO  BaseTest:274 - Initializing webdriver with chrome, , ANY
2016-07-10 15:15:44 INFO  AbstractPropertiesHandler:39 - Loaded properties from location: properties/environment.properties
2016-07-10 15:15:44 INFO  BaseTest:211 - Environment is set to: default
2016-07-10 15:15:45 INFO  BaseTest:274 - Initializing webdriver with chrome, , ANY
2016-07-10 15:15:57 INFO  BaseTest:211 - Environment is set to: default
2016-07-10 15:15:57 INFO  BaseTest:274 - Initializing webdriver with chrome, , ANY
2016-07-10 15:35:19 INFO  AbstractPropertiesHandler:39 - Loaded properties from location: properties/environment.properties
2016-07-10 15:35:19 INFO  BaseTest:211 - Environment is set to: default
2016-07-10 15:35:20 INFO  BaseTest:274 - Initializing webdriver with chrome, , ANY
2016-07-10 15:36:34 INFO  AbstractPropertiesHandler:39 - Loaded properties from location: properties/environment.properties
2016-07-10 15:36:34 INFO  BaseTest:211 - Environment is set to: default
2016-07-10 15:36:35 INFO  BaseTest:274 - Initializing webdriver with chrome, , ANY
2016-07-10 15:37:03 INFO  AbstractPropertiesHandler:39 - Loaded properties from location: properties/environment.properties
2016-07-10 15:37:03 INFO  BaseTest:211 - Environment is set to: default
2016-07-10 15:37:03 INFO  BaseTest:274 - Initializing webdriver with chrome, , ANY
2016-07-10 15:53:35 INFO  AbstractPropertiesHandler:39 - Loaded properties from location: properties/environment.properties
2016-07-10 15:53:35 INFO  BaseTest:211 - Environment is set to: default
2016-07-10 15:53:35 INFO  BaseTest:274 - Initializing webdriver with chrome, , ANY
2016-07-10 15:57:17 INFO  AbstractPropertiesHandler:39 - Loaded properties from location: properties/environment.properties
2016-07-10 15:57:17 INFO  BaseTest:211 - Environment is set to: default
2016-07-10 15:57:17 INFO  BaseTest:274 - Initializing webdriver with chrome, , ANY
2016-07-10 15:57:48 INFO  AbstractPropertiesHandler:39 - Loaded properties from location: properties/environment.properties
2016-07-10 15:57:48 INFO  BaseTest:211 - Environment is set to: default
2016-07-10 15:57:48 INFO  BaseTest:274 - Initializing webdriver with chrome, , ANY
2016-07-10 15:58:21 INFO  AbstractPropertiesHandler:39 - Loaded properties from location: properties/environment.properties
2016-07-10 15:58:21 INFO  BaseTest:211 - Environment is set to: default
2016-07-10 15:58:21 INFO  BaseTest:274 - Initializing webdriver with chrome, , ANY
2016-07-10 15:58:47 INFO  AbstractPropertiesHandler:39 - Loaded properties from location: properties/environment.properties
2016-07-10 15:58:47 INFO  BaseTest:211 - Environment is set to: default
2016-07-10 15:58:47 INFO  BaseTest:274 - Initializing webdriver with chrome, , ANY
2016-07-10 16:02:22 INFO  AbstractPropertiesHandler:39 - Loaded properties from location: properties/environment.properties
2016-07-10 16:02:22 INFO  BaseTest:211 - Environment is set to: default
2016-07-10 16:02:22 INFO  BaseTest:274 - Initializing webdriver with chrome, , ANY
2016-07-10 16:09:42 INFO  AbstractPropertiesHandler:39 - Loaded properties from location: properties/environment.properties
2016-07-10 16:09:42 INFO  BaseTest:211 - Environment is set to: default
2016-07-10 16:09:42 INFO  BaseTest:274 - Initializing webdriver with chrome, , ANY
2016-07-10 16:10:33 INFO  AbstractPropertiesHandler:39 - Loaded properties from location: properties/environment.properties
2016-07-10 16:10:33 INFO  BaseTest:211 - Environment is set to: default
2016-07-10 16:10:33 INFO  BaseTest:274 - Initializing webdriver with chrome, , ANY
2016-07-10 16:10:55 INFO  AbstractPropertiesHandler:39 - Loaded properties from location: properties/environment.properties
2016-07-10 16:10:55 INFO  BaseTest:211 - Environment is set to: default
2016-07-10 16:10:55 INFO  BaseTest:274 - Initializing webdriver with chrome, , ANY
2016-07-10 16:11:53 INFO  AbstractPropertiesHandler:39 - Loaded properties from location: properties/environment.properties
2016-07-10 16:11:53 INFO  BaseTest:211 - Environment is set to: default
2016-07-10 16:11:53 INFO  BaseTest:274 - Initializing webdriver with chrome, , ANY
2016-07-10 16:14:15 INFO  AbstractPropertiesHandler:39 - Loaded properties from location: properties/environment.properties
2016-07-10 16:14:15 INFO  BaseTest:211 - Environment is set to: default
2016-07-10 16:14:15 INFO  BaseTest:274 - Initializing webdriver with chrome, , ANY
2016-07-10 16:14:48 INFO  AbstractPropertiesHandler:39 - Loaded properties from location: properties/environment.properties
2016-07-10 16:14:48 INFO  BaseTest:211 - Environment is set to: default
2016-07-10 16:14:48 INFO  BaseTest:274 - Initializing webdriver with chrome, , ANY
2016-07-10 16:16:05 INFO  AbstractPropertiesHandler:39 - Loaded properties from location: properties/environment.properties
2016-07-10 16:16:05 INFO  BaseTest:211 - Environment is set to: default
2016-07-10 16:16:05 INFO  BaseTest:274 - Initializing webdriver with chrome, , ANY
2016-07-10 16:26:49 INFO  AbstractPropertiesHandler:39 - Loaded properties from location: properties/environment.properties
2016-07-10 16:26:49 INFO  BaseTest:211 - Environment is set to: default
2016-07-10 16:26:49 INFO  BaseTest:274 - Initializing webdriver with chrome, , ANY
2016-07-10 16:27:27 INFO  AbstractPropertiesHandler:39 - Loaded properties from location: properties/environment.properties
2016-07-10 16:27:27 INFO  BaseTest:211 - Environment is set to: default
2016-07-10 16:27:27 INFO  BaseTest:274 - Initializing webdriver with chrome, , ANY
2016-07-10 16:28:41 INFO  AbstractPropertiesHandler:39 - Loaded properties from location: properties/environment.properties
2016-07-10 16:28:41 INFO  BaseTest:211 - Environment is set to: default
2016-07-10 16:28:41 INFO  BaseTest:274 - Initializing webdriver with chrome, , ANY
2016-07-10 16:29:56 INFO  AbstractPropertiesHandler:39 - Loaded properties from location: properties/environment.properties
2016-07-10 16:29:56 INFO  BaseTest:211 - Environment is set to: default
2016-07-10 16:29:57 INFO  BaseTest:274 - Initializing webdriver with chrome, , ANY
2016-07-10 16:31:47 INFO  AbstractPropertiesHandler:39 - Loaded properties from location: properties/environment.properties
2016-07-10 16:31:47 INFO  BaseTest:211 - Environment is set to: default
2016-07-10 16:31:47 INFO  BaseTest:274 - Initializing webdriver with chrome, , ANY
2016-07-10 16:37:36 INFO  AbstractPropertiesHandler:39 - Loaded properties from location: properties/environment.properties
2016-07-10 16:37:36 INFO  BaseTest:211 - Environment is set to: default
2016-07-10 16:37:36 INFO  BaseTest:274 - Initializing webdriver with chrome, , ANY
2016-07-10 16:38:46 INFO  AbstractPropertiesHandler:39 - Loaded properties from location: properties/environment.properties
2016-07-10 16:38:46 INFO  BaseTest:211 - Environment is set to: default
2016-07-10 16:38:46 INFO  BaseTest:274 - Initializing webdriver with chrome, , ANY
2016-07-10 16:39:16 INFO  AbstractPropertiesHandler:39 - Loaded properties from location: properties/environment.properties
2016-07-10 16:39:16 INFO  BaseTest:211 - Environment is set to: default
2016-07-10 16:39:16 INFO  BaseTest:274 - Initializing webdriver with chrome, , ANY
2016-07-10 16:48:40 INFO  AbstractPropertiesHandler:39 - Loaded properties from location: properties/environment.properties
2016-07-10 16:48:40 INFO  BaseTest:211 - Environment is set to: default
2016-07-10 16:48:40 INFO  BaseTest:274 - Initializing webdriver with chrome, , ANY
2016-07-10 16:48:57 INFO  AbstractPropertiesHandler:39 - Loaded properties from location: properties/environment.properties
2016-07-10 16:48:57 INFO  BaseTest:211 - Environment is set to: default
2016-07-10 16:48:57 INFO  BaseTest:274 - Initializing webdriver with chrome, , ANY
2016-07-10 16:49:06 INFO  AbstractPropertiesHandler:39 - Loaded properties from location: properties/environment.properties
2016-07-10 16:49:06 INFO  BaseTest:211 - Environment is set to: default
2016-07-10 16:49:06 INFO  BaseTest:274 - Initializing webdriver with chrome, , ANY
2016-07-10 21:59:15 INFO  AbstractPropertiesHandler:39 - Loaded properties from location: properties/environment.properties
2016-07-10 21:59:15 INFO  BaseTest:211 - Environment is set to: default
2016-07-10 21:59:15 INFO  BaseTest:274 - Initializing webdriver with chrome, , ANY
2016-07-11 18:41:54 INFO  AbstractPropertiesHandler:39 - Loaded properties from location: properties/environment.properties
2016-07-11 18:41:54 INFO  BaseTest:211 - Environment is set to: default
2016-07-11 18:41:54 INFO  BaseTest:274 - Initializing webdriver with chrome, , ANY
2016-07-11 18:42:16 INFO  AbstractPropertiesHandler:39 - Loaded properties from location: properties/environment.properties
2016-07-11 18:42:16 INFO  BaseTest:211 - Environment is set to: default
2016-07-11 18:42:17 INFO  BaseTest:274 - Initializing webdriver with chrome, , ANY
2016-07-11 18:43:05 INFO  AbstractPropertiesHandler:39 - Loaded properties from location: properties/environment.properties
2016-07-11 18:43:05 INFO  BaseTest:211 - Environment is set to: default
2016-07-11 18:43:05 INFO  BaseTest:274 - Initializing webdriver with chrome, , ANY
2016-07-11 18:49:40 INFO  AbstractPropertiesHandler:39 - Loaded properties from location: properties/environment.properties
2016-07-11 18:49:40 INFO  BaseTest:211 - Environment is set to: default
2016-07-11 18:49:40 INFO  BaseTest:274 - Initializing webdriver with chrome, , ANY
2016-07-11 18:50:46 INFO  AbstractPropertiesHandler:39 - Loaded properties from location: properties/environment.properties
2016-07-11 18:50:46 INFO  BaseTest:211 - Environment is set to: default
2016-07-11 18:50:46 INFO  BaseTest:274 - Initializing webdriver with chrome, , ANY
2016-07-11 20:36:41 INFO  AbstractPropertiesHandler:39 - Loaded properties from location: properties/environment.properties
2016-07-11 20:36:41 INFO  BaseTest:211 - Environment is set to: default
2016-07-11 20:36:41 INFO  BaseTest:274 - Initializing webdriver with chrome, , ANY
2016-07-11 21:14:23 INFO  AbstractPropertiesHandler:39 - Loaded properties from location: properties/environment.properties
2016-07-11 21:14:23 INFO  BaseTest:211 - Environment is set to: default
2016-07-11 21:14:23 INFO  BaseTest:274 - Initializing webdriver with chrome, , ANY
2016-07-11 21:14:36 INFO  BaseTest:211 - Environment is set to: default
2016-07-11 21:14:36 INFO  BaseTest:274 - Initializing webdriver with chrome, , ANY
2016-07-11 21:14:47 INFO  BaseTest:211 - Environment is set to: default
2016-07-11 21:14:47 INFO  BaseTest:274 - Initializing webdriver with chrome, , ANY
2016-07-11 21:14:59 INFO  BaseTest:211 - Environment is set to: default
2016-07-11 21:15:00 INFO  BaseTest:274 - Initializing webdriver with chrome, , ANY
2016-07-11 21:15:11 INFO  BaseTest:211 - Environment is set to: default
2016-07-11 21:15:11 INFO  BaseTest:274 - Initializing webdriver with chrome, , ANY
2016-07-11 21:15:22 INFO  BaseTest:211 - Environment is set to: default
2016-07-11 21:15:22 INFO  BaseTest:274 - Initializing webdriver with chrome, , ANY
2016-07-13 20:28:15 INFO  AbstractPropertiesHandler:39 - Loaded properties from location: properties/environment.properties
2016-07-13 20:28:15 INFO  BaseTest:211 - Environment is set to: default
2016-07-13 20:28:15 INFO  BaseTest:274 - Initializing webdriver with chrome, , ANY
2016-07-13 20:29:40 INFO  AbstractPropertiesHandler:39 - Loaded properties from location: properties/environment.properties
2016-07-13 20:29:40 INFO  BaseTest:211 - Environment is set to: default
2016-07-13 20:29:40 INFO  BaseTest:274 - Initializing webdriver with chrome, , ANY
2016-07-13 20:30:11 INFO  AbstractPropertiesHandler:39 - Loaded properties from location: properties/environment.properties
2016-07-13 20:30:11 INFO  BaseTest:211 - Environment is set to: default
2016-07-13 20:30:11 INFO  BaseTest:274 - Initializing webdriver with chrome, , ANY
2016-07-13 20:31:36 INFO  AbstractPropertiesHandler:39 - Loaded properties from location: properties/environment.properties
2016-07-13 20:31:36 INFO  BaseTest:211 - Environment is set to: default
2016-07-13 20:31:36 INFO  BaseTest:274 - Initializing webdriver with chrome, , ANY
2016-07-13 20:35:32 INFO  AbstractPropertiesHandler:39 - Loaded properties from location: properties/environment.properties
2016-07-13 20:35:32 INFO  BaseTest:211 - Environment is set to: default
2016-07-13 20:35:32 INFO  BaseTest:274 - Initializing webdriver with chrome, , ANY
2016-07-13 20:37:05 INFO  AbstractPropertiesHandler:39 - Loaded properties from location: properties/environment.properties
2016-07-13 20:37:05 INFO  BaseTest:211 - Environment is set to: default
2016-07-13 20:37:05 INFO  BaseTest:274 - Initializing webdriver with chrome, , ANY
2016-07-13 20:38:39 INFO  AbstractPropertiesHandler:39 - Loaded properties from location: properties/environment.properties
2016-07-13 20:38:39 INFO  BaseTest:211 - Environment is set to: default
2016-07-13 20:38:39 INFO  BaseTest:274 - Initializing webdriver with chrome, , ANY
2016-07-24 12:11:53 INFO  AbstractPropertiesHandler:39 - Loaded properties from location: properties/environment.properties
2016-07-24 12:11:53 INFO  BaseTest:211 - Environment is set to: default
2016-07-24 12:11:53 INFO  BaseTest:274 - Initializing webdriver with chrome, , ANY
2016-07-24 13:43:19 INFO  AbstractPropertiesHandler:39 - Loaded properties from location: properties/environment.properties
2016-07-24 13:43:19 INFO  BaseTest:211 - Environment is set to: default
2016-07-24 13:43:19 INFO  BaseTest:274 - Initializing webdriver with chrome, , ANY
2016-07-24 13:46:08 INFO  AbstractPropertiesHandler:39 - Loaded properties from location: properties/environment.properties
2016-07-24 13:46:08 INFO  BaseTest:211 - Environment is set to: default
2016-07-24 13:46:09 INFO  BaseTest:274 - Initializing webdriver with chrome, , ANY
2016-07-24 13:49:32 INFO  AbstractPropertiesHandler:39 - Loaded properties from location: properties/environment.properties
2016-07-24 13:49:32 INFO  BaseTest:211 - Environment is set to: default
2016-07-24 13:49:32 INFO  BaseTest:274 - Initializing webdriver with chrome, , ANY
2016-07-24 13:50:19 INFO  AbstractPropertiesHandler:39 - Loaded properties from location: properties/environment.properties
2016-07-24 13:50:19 INFO  BaseTest:211 - Environment is set to: default
2016-07-24 13:50:19 INFO  BaseTest:274 - Initializing webdriver with chrome, , ANY
2016-07-24 13:53:01 INFO  AbstractPropertiesHandler:39 - Loaded properties from location: properties/environment.properties
2016-07-24 13:53:01 INFO  BaseTest:211 - Environment is set to: default
2016-07-24 13:53:01 INFO  BaseTest:274 - Initializing webdriver with chrome, , ANY
2016-07-24 13:54:36 INFO  AbstractPropertiesHandler:39 - Loaded properties from location: properties/environment.properties
2016-07-24 13:54:36 INFO  BaseTest:211 - Environment is set to: default
2016-07-24 13:54:36 INFO  BaseTest:274 - Initializing webdriver with chrome, , ANY
2016-07-24 13:54:53 INFO  AbstractPropertiesHandler:39 - Loaded properties from location: properties/environment.properties
2016-07-24 13:54:53 INFO  BaseTest:211 - Environment is set to: default
2016-07-24 13:54:53 INFO  BaseTest:274 - Initializing webdriver with chrome, , ANY
2016-07-24 13:59:07 INFO  AbstractPropertiesHandler:39 - Loaded properties from location: properties/environment.properties
2016-07-24 13:59:07 INFO  BaseTest:211 - Environment is set to: default
2016-07-24 13:59:07 INFO  BaseTest:274 - Initializing webdriver with chrome, , ANY
2016-07-24 14:00:47 INFO  AbstractPropertiesHandler:39 - Loaded properties from location: properties/environment.properties
2016-07-24 14:00:47 INFO  BaseTest:211 - Environment is set to: default
2016-07-24 14:00:47 INFO  BaseTest:274 - Initializing webdriver with chrome, , ANY
2016-07-24 14:02:46 INFO  AbstractPropertiesHandler:39 - Loaded properties from location: properties/environment.properties
2016-07-24 14:02:46 INFO  BaseTest:211 - Environment is set to: default
2016-07-24 14:02:46 INFO  BaseTest:274 - Initializing webdriver with chrome, , ANY
2016-07-24 14:06:10 INFO  AbstractPropertiesHandler:39 - Loaded properties from location: properties/environment.properties
2016-07-24 14:06:10 INFO  BaseTest:211 - Environment is set to: default
2016-07-24 14:06:10 INFO  BaseTest:274 - Initializing webdriver with chrome, , ANY
2016-07-24 14:26:21 INFO  AbstractPropertiesHandler:39 - Loaded properties from location: properties/environment.properties
2016-07-24 14:26:21 INFO  BaseTest:211 - Environment is set to: default
2016-07-24 14:26:21 INFO  BaseTest:274 - Initializing webdriver with chrome, , ANY
2016-07-24 14:27:54 INFO  AbstractPropertiesHandler:39 - Loaded properties from location: properties/environment.properties
2016-07-24 14:27:54 INFO  BaseTest:211 - Environment is set to: default
2016-07-24 14:27:54 INFO  BaseTest:274 - Initializing webdriver with chrome, , ANY
2016-07-24 14:36:49 INFO  AbstractPropertiesHandler:39 - Loaded properties from location: properties/environment.properties
2016-07-24 14:36:49 INFO  BaseTest:211 - Environment is set to: default
2016-07-24 14:36:49 INFO  BaseTest:274 - Initializing webdriver with chrome, , ANY
2016-07-24 14:38:39 INFO  AbstractPropertiesHandler:39 - Loaded properties from location: properties/environment.properties
2016-07-24 14:38:39 INFO  BaseTest:211 - Environment is set to: default
2016-07-24 14:38:39 INFO  BaseTest:274 - Initializing webdriver with chrome, , ANY
2016-07-24 14:41:20 INFO  AbstractPropertiesHandler:39 - Loaded properties from location: properties/environment.properties
2016-07-24 14:41:20 INFO  BaseTest:211 - Environment is set to: default
2016-07-24 14:41:21 INFO  BaseTest:274 - Initializing webdriver with chrome, , ANY
2016-07-24 14:41:55 INFO  AbstractPropertiesHandler:39 - Loaded properties from location: properties/environment.properties
2016-07-24 14:41:55 INFO  BaseTest:211 - Environment is set to: default
2016-07-24 14:41:55 INFO  BaseTest:274 - Initializing webdriver with chrome, , ANY
2016-07-24 14:45:05 INFO  AbstractPropertiesHandler:39 - Loaded properties from location: properties/environment.properties
2016-07-24 14:45:05 INFO  BaseTest:211 - Environment is set to: default
2016-07-24 14:45:05 INFO  BaseTest:274 - Initializing webdriver with chrome, , ANY
2016-07-24 15:45:18 INFO  AbstractPropertiesHandler:39 - Loaded properties from location: properties/environment.properties
2016-07-24 15:45:18 INFO  BaseTest:211 - Environment is set to: default
2016-07-24 15:45:18 INFO  BaseTest:274 - Initializing webdriver with chrome, , ANY
2016-07-24 15:46:22 INFO  AbstractPropertiesHandler:39 - Loaded properties from location: properties/environment.properties
2016-07-24 15:46:22 INFO  BaseTest:211 - Environment is set to: default
2016-07-24 15:46:22 INFO  BaseTest:274 - Initializing webdriver with chrome, , ANY
2016-07-24 15:50:39 INFO  AbstractPropertiesHandler:39 - Loaded properties from location: properties/environment.properties
2016-07-24 15:50:39 INFO  BaseTest:211 - Environment is set to: default
2016-07-24 15:50:39 INFO  BaseTest:274 - Initializing webdriver with chrome, , ANY
2016-07-24 15:54:17 INFO  AbstractPropertiesHandler:39 - Loaded properties from location: properties/environment.properties
2016-07-24 15:54:17 INFO  BaseTest:211 - Environment is set to: default
2016-07-24 15:54:17 INFO  BaseTest:274 - Initializing webdriver with chrome, , ANY
2016-07-24 15:57:10 INFO  AbstractPropertiesHandler:39 - Loaded properties from location: properties/environment.properties
2016-07-24 15:57:10 INFO  BaseTest:211 - Environment is set to: default
2016-07-24 15:57:10 INFO  BaseTest:274 - Initializing webdriver with chrome, , ANY
2016-07-24 16:02:52 INFO  AbstractPropertiesHandler:39 - Loaded properties from location: properties/environment.properties
2016-07-24 16:02:52 INFO  BaseTest:211 - Environment is set to: default
2016-07-24 16:02:52 INFO  BaseTest:274 - Initializing webdriver with chrome, , ANY
2016-07-24 16:04:03 INFO  AbstractPropertiesHandler:39 - Loaded properties from location: properties/environment.properties
2016-07-24 16:04:03 INFO  BaseTest:211 - Environment is set to: default
2016-07-24 16:04:03 INFO  BaseTest:274 - Initializing webdriver with chrome, , ANY
2016-07-24 16:07:14 INFO  AbstractPropertiesHandler:39 - Loaded properties from location: properties/environment.properties
2016-07-24 16:07:14 INFO  BaseTest:211 - Environment is set to: default
2016-07-24 16:07:14 INFO  BaseTest:274 - Initializing webdriver with chrome, , ANY
2016-07-24 16:07:32 INFO  AbstractPropertiesHandler:39 - Loaded properties from location: properties/environment.properties
2016-07-24 16:07:32 INFO  BaseTest:211 - Environment is set to: default
2016-07-24 16:07:32 INFO  BaseTest:274 - Initializing webdriver with chrome, , ANY
2016-07-24 16:08:26 INFO  AbstractPropertiesHandler:39 - Loaded properties from location: properties/environment.properties
2016-07-24 16:08:26 INFO  BaseTest:211 - Environment is set to: default
2016-07-24 16:08:27 INFO  BaseTest:274 - Initializing webdriver with chrome, , ANY
2016-07-24 16:08:54 INFO  AbstractPropertiesHandler:39 - Loaded properties from location: properties/environment.properties
2016-07-24 16:08:54 INFO  BaseTest:211 - Environment is set to: default
2016-07-24 16:08:54 INFO  BaseTest:274 - Initializing webdriver with chrome, , ANY
2016-07-24 16:13:11 INFO  AbstractPropertiesHandler:39 - Loaded properties from location: properties/environment.properties
2016-07-24 16:13:11 INFO  BaseTest:211 - Environment is set to: default
2016-07-24 16:13:11 INFO  BaseTest:274 - Initializing webdriver with chrome, , ANY
2016-07-24 16:14:28 INFO  AbstractPropertiesHandler:39 - Loaded properties from location: properties/environment.properties
2016-07-24 16:14:28 INFO  BaseTest:211 - Environment is set to: default
2016-07-24 16:14:28 INFO  BaseTest:274 - Initializing webdriver with chrome, , ANY
2016-07-24 16:15:33 INFO  AbstractPropertiesHandler:39 - Loaded properties from location: properties/environment.properties
2016-07-24 16:15:33 INFO  BaseTest:211 - Environment is set to: default
2016-07-24 16:15:33 INFO  BaseTest:274 - Initializing webdriver with chrome, , ANY
2016-07-24 16:17:09 INFO  AbstractPropertiesHandler:39 - Loaded properties from location: properties/environment.properties
2016-07-24 16:17:09 INFO  BaseTest:211 - Environment is set to: default
2016-07-24 16:17:09 INFO  BaseTest:274 - Initializing webdriver with chrome, , ANY
2016-07-24 16:17:58 INFO  AbstractPropertiesHandler:39 - Loaded properties from location: properties/environment.properties
2016-07-24 16:17:58 INFO  BaseTest:211 - Environment is set to: default
2016-07-24 16:17:58 INFO  BaseTest:274 - Initializing webdriver with chrome, , ANY
2016-07-24 17:07:47 INFO  AbstractPropertiesHandler:39 - Loaded properties from location: properties/environment.properties
2016-07-24 17:07:47 INFO  BaseTest:211 - Environment is set to: default
2016-07-24 17:07:47 INFO  BaseTest:274 - Initializing webdriver with chrome, , ANY
2016-07-24 17:09:40 INFO  AbstractPropertiesHandler:39 - Loaded properties from location: properties/environment.properties
2016-07-24 17:09:40 INFO  BaseTest:211 - Environment is set to: default
2016-07-24 17:09:40 INFO  BaseTest:274 - Initializing webdriver with chrome, , ANY
2016-07-24 21:26:07 INFO  AbstractPropertiesHandler:39 - Loaded properties from location: properties/environment.properties
2016-07-24 21:26:07 INFO  BaseTest:211 - Environment is set to: default
2016-07-24 21:26:07 INFO  BaseTest:274 - Initializing webdriver with chrome, , ANY
2016-07-24 21:26:57 INFO  AbstractPropertiesHandler:39 - Loaded properties from location: properties/environment.properties
2016-07-24 21:26:57 INFO  BaseTest:211 - Environment is set to: ${chrome.profile}
2016-07-24 21:27:28 INFO  AbstractPropertiesHandler:39 - Loaded properties from location: properties/environment.properties
2016-07-24 21:27:28 INFO  BaseTest:211 - Environment is set to: ${chrome.profile}
2016-07-24 21:28:15 INFO  AbstractPropertiesHandler:39 - Loaded properties from location: properties/environment.properties
2016-07-24 21:28:15 INFO  BaseTest:211 - Environment is set to: ${chrome.profile}
2016-07-24 21:35:37 INFO  AbstractPropertiesHandler:39 - Loaded properties from location: properties/environment.properties
2016-07-24 21:35:37 INFO  BaseTest:211 - Environment is set to: ${chrome.profile}
2016-07-24 21:36:15 INFO  AbstractPropertiesHandler:39 - Loaded properties from location: properties/environment.properties
2016-07-24 21:36:15 INFO  BaseTest:211 - Environment is set to: ${chrome.profile}
2016-07-24 21:38:26 INFO  AbstractPropertiesHandler:39 - Loaded properties from location: properties/environment.properties
2016-07-24 21:38:26 INFO  BaseTest:211 - Environment is set to: ${chrome.profile}
2016-07-24 21:39:07 INFO  AbstractPropertiesHandler:39 - Loaded properties from location: properties/environment.properties
2016-07-24 21:39:07 INFO  BaseTest:211 - Environment is set to: chrome
2016-07-24 21:39:07 INFO  BaseTest:274 - Initializing webdriver with chrome, , ANY
2016-07-24 21:46:29 INFO  AbstractPropertiesHandler:39 - Loaded properties from location: properties/environment.properties
2016-07-24 21:46:29 INFO  BaseTest:211 - Environment is set to: chrome
2016-07-24 21:46:29 INFO  BaseTest:274 - Initializing webdriver with chrome, , ANY
2016-07-24 21:46:32 INFO  BaseTest:211 - Environment is set to: chrome
2016-07-24 21:46:32 INFO  BaseTest:274 - Initializing webdriver with chrome, , ANY
2016-07-24 21:48:13 INFO  AbstractPropertiesHandler:39 - Loaded properties from location: properties/environment.properties
2016-07-24 21:48:13 INFO  BaseTest:211 - Environment is set to: chrome
2016-07-24 21:48:14 INFO  BaseTest:274 - Initializing webdriver with chrome, , ANY
2016-07-24 21:48:28 INFO  BaseTest:211 - Environment is set to: chrome
2016-07-24 21:48:29 INFO  BaseTest:274 - Initializing webdriver with chrome, , ANY
2016-07-24 21:49:28 INFO  AbstractPropertiesHandler:39 - Loaded properties from location: properties/environment.properties
2016-07-24 21:49:28 INFO  BaseTest:211 - Environment is set to: chrome
2016-07-24 21:49:28 INFO  BaseTest:274 - Initializing webdriver with chrome, , ANY
2016-07-24 21:58:29 INFO  AbstractPropertiesHandler:39 - Loaded properties from location: properties/environment.properties
2016-07-24 21:58:29 INFO  BaseTest:211 - Environment is set to: chrome
2016-07-24 21:58:29 INFO  BaseTest:274 - Initializing webdriver with chrome, , ANY
2016-07-24 21:59:15 INFO  AbstractPropertiesHandler:39 - Loaded properties from location: properties/environment.properties
2016-07-24 21:59:15 INFO  BaseTest:211 - Environment is set to: chrome
2016-07-24 21:59:15 INFO  BaseTest:274 - Initializing webdriver with chrome, , ANY
2016-07-24 21:59:50 INFO  AbstractPropertiesHandler:39 - Loaded properties from location: properties/environment.properties
2016-07-24 21:59:50 INFO  BaseTest:211 - Environment is set to: chrome
2016-07-24 21:59:50 INFO  BaseTest:274 - Initializing webdriver with chrome, , ANY
2016-07-24 22:00:05 INFO  BaseTest:211 - Environment is set to: chrome
2016-07-24 22:00:05 INFO  BaseTest:274 - Initializing webdriver with chrome, , ANY
